<?xml version="1.0" encoding="UTF-8"?>
<!-- Generated by org.testng.reporters.JUnitReportReporter -->
<testsuite skipped="0" hostname="HIPUNL69713" name="Ing.SPAutomation.SPAutomation.SignOn" tests="1" failures="0" timestamp="26 Dec 2018 09:47:22 GMT" time="12.507" errors="0">
  <testcase name="SignOn" time="12.507" classname="Ing.SPAutomation.SPAutomation.SignOn"/>
</testsuite> <!-- Ing.SPAutomation.SPAutomation.SignOn -->
