<?xml version="1.0" encoding="UTF-8"?>
<!-- Generated by org.testng.reporters.JUnitReportReporter -->
<testsuite skipped="0" hostname="HIPUNL69713" name="Ing.SPAutomation.SPAutomation.anotherSuite.Contact" tests="1" failures="0" timestamp="26 Dec 2018 09:47:22 GMT" time="11.837" errors="0">
  <testcase name="Contact" time="11.837" classname="Ing.SPAutomation.SPAutomation.anotherSuite.Contact"/>
</testsuite> <!-- Ing.SPAutomation.SPAutomation.anotherSuite.Contact -->
