<?xml version="1.0" encoding="UTF-8"?>
<!-- Generated by org.testng.reporters.JUnitReportReporter -->
<testsuite skipped="0" hostname="HIPUNL69713" name="Ing.SPAutomation.SPAutomation.Register" tests="1" failures="0" timestamp="26 Dec 2018 09:47:22 GMT" time="12.759" errors="0">
  <testcase name="Register" time="12.759" classname="Ing.SPAutomation.SPAutomation.Register"/>
</testsuite> <!-- Ing.SPAutomation.SPAutomation.Register -->
