<?xml version="1.0" encoding="UTF-8"?>
<!-- Generated by org.testng.reporters.JUnitReportReporter -->
<testsuite name="Ing.SPAutomation.SPAutomation.Register" tests="1" time="12.125" ignored="0" failures="0" timestamp="26 Dec 2018 09:48:07 GMT" skipped="0" hostname="HIPUNL69713" errors="0">
  <testcase name="Register" time="12.125" classname="Ing.SPAutomation.SPAutomation.Register"/>
</testsuite> <!-- Ing.SPAutomation.SPAutomation.Register -->
